INFO: [VRFC 10-2263] Analyzing Verilog file "C:/Users/Brock/school/ECE498/final_project/FinalProject.sim/sim_1/impl/func/xsim/testbench_func_impl.v" into library xil_defaultlib
INFO: [VRFC 10-311] analyzing module m00_couplers_imp_1XJ25NZ
INFO: [VRFC 10-311] analyzing module s00_couplers_imp_1Y5JCW4
INFO: [VRFC 10-311] analyzing module s00_couplers_imp_G5C8KA
INFO: [VRFC 10-311] analyzing module s01_couplers_imp_1FWRO1P
INFO: [VRFC 10-311] analyzing module system_control
INFO: [VRFC 10-311] analyzing module system_control_INTERFACE_AND_MULTIP_0_0
INFO: [VRFC 10-311] analyzing module system_control_INTERFACE_AND_MULTIP_0_0_INTERFACE_AND_MULTIPLY
INFO: [VRFC 10-311] analyzing module system_control_INTERFACE_AND_MULTIP_0_0_PE
INFO: [VRFC 10-311] analyzing module system_control_INTERFACE_AND_MULTIP_0_0_PE_0
INFO: [VRFC 10-311] analyzing module system_control_INTERFACE_AND_MULTIP_0_0_PE_1
INFO: [VRFC 10-311] analyzing module system_control_INTERFACE_AND_MULTIP_0_0_PE_2
INFO: [VRFC 10-311] analyzing module system_control_INTERFACE_AND_MULTIP_0_0_PE_3
INFO: [VRFC 10-311] analyzing module system_control_INTERFACE_AND_MULTIP_0_0_PE_4
INFO: [VRFC 10-311] analyzing module system_control_INTERFACE_AND_MULTIP_0_0_PE_5
INFO: [VRFC 10-311] analyzing module system_control_INTERFACE_AND_MULTIP_0_0_PE_6
INFO: [VRFC 10-311] analyzing module system_control_INTERFACE_AND_MULTIP_0_0_PE_7
INFO: [VRFC 10-311] analyzing module system_control_INTERFACE_AND_MULTIP_0_0_PE_array
INFO: [VRFC 10-311] analyzing module system_control_INTERFACE_AND_MULTIP_0_0_memory_architecture
INFO: [VRFC 10-311] analyzing module system_control_auto_pc_0
INFO: [VRFC 10-311] analyzing module system_control_auto_pc_0__axi_protocol_converter_v2_1_20_axi_protocol_converter
INFO: [VRFC 10-311] analyzing module system_control_auto_pc_0__axi_protocol_converter_v2_1_20_b2s
INFO: [VRFC 10-311] analyzing module system_control_auto_pc_0__axi_protocol_converter_v2_1_20_b2s_ar_channel
INFO: [VRFC 10-311] analyzing module system_control_auto_pc_0__axi_protocol_converter_v2_1_20_b2s_aw_channel
INFO: [VRFC 10-311] analyzing module system_control_auto_pc_0__axi_protocol_converter_v2_1_20_b2s_b_channel
INFO: [VRFC 10-311] analyzing module system_control_auto_pc_0__axi_protocol_converter_v2_1_20_b2s_cmd_translator
INFO: [VRFC 10-311] analyzing module system_control_auto_pc_0__axi_protocol_converter_v2_1_20_b2s_cmd_translator_1
INFO: [VRFC 10-311] analyzing module system_control_auto_pc_0__axi_protocol_converter_v2_1_20_b2s_incr_cmd
INFO: [VRFC 10-311] analyzing module system_control_auto_pc_0__axi_protocol_converter_v2_1_20_b2s_incr_cmd_2
INFO: [VRFC 10-311] analyzing module system_control_auto_pc_0__axi_protocol_converter_v2_1_20_b2s_r_channel
INFO: [VRFC 10-311] analyzing module system_control_auto_pc_0__axi_protocol_converter_v2_1_20_b2s_rd_cmd_fsm
INFO: [VRFC 10-311] analyzing module system_control_auto_pc_0__axi_protocol_converter_v2_1_20_b2s_simple_fifo
INFO: [VRFC 10-311] analyzing module system_control_auto_pc_0__axi_protocol_converter_v2_1_20_b2s_simple_fifo__parameterized0
INFO: [VRFC 10-311] analyzing module system_control_auto_pc_0__axi_protocol_converter_v2_1_20_b2s_simple_fifo__parameterized1
INFO: [VRFC 10-311] analyzing module system_control_auto_pc_0__axi_protocol_converter_v2_1_20_b2s_simple_fifo__parameterized2
INFO: [VRFC 10-311] analyzing module system_control_auto_pc_0__axi_protocol_converter_v2_1_20_b2s_wr_cmd_fsm
INFO: [VRFC 10-311] analyzing module system_control_auto_pc_0__axi_protocol_converter_v2_1_20_b2s_wrap_cmd
INFO: [VRFC 10-311] analyzing module system_control_auto_pc_0__axi_protocol_converter_v2_1_20_b2s_wrap_cmd_3
INFO: [VRFC 10-311] analyzing module system_control_auto_pc_0__axi_register_slice_v2_1_20_axi_register_slice
INFO: [VRFC 10-311] analyzing module system_control_auto_pc_0__axi_register_slice_v2_1_20_axic_register_slice
INFO: [VRFC 10-311] analyzing module system_control_auto_pc_0__axi_register_slice_v2_1_20_axic_register_slice_0
INFO: [VRFC 10-311] analyzing module system_control_auto_pc_0__axi_register_slice_v2_1_20_axic_register_slice__parameterized1
INFO: [VRFC 10-311] analyzing module system_control_auto_pc_0__axi_register_slice_v2_1_20_axic_register_slice__parameterized2
INFO: [VRFC 10-311] analyzing module system_control_auto_pc_1
INFO: [VRFC 10-311] analyzing module system_control_auto_pc_1__axi_data_fifo_v2_1_19_axic_fifo
INFO: [VRFC 10-311] analyzing module system_control_auto_pc_1__axi_data_fifo_v2_1_19_axic_fifo__parameterized0
INFO: [VRFC 10-311] analyzing module system_control_auto_pc_1__axi_data_fifo_v2_1_19_axic_fifo__xdcDup__1
INFO: [VRFC 10-311] analyzing module system_control_auto_pc_1__axi_data_fifo_v2_1_19_fifo_gen
INFO: [VRFC 10-311] analyzing module system_control_auto_pc_1__axi_data_fifo_v2_1_19_fifo_gen__parameterized0
INFO: [VRFC 10-311] analyzing module system_control_auto_pc_1__axi_data_fifo_v2_1_19_fifo_gen__xdcDup__1
INFO: [VRFC 10-311] analyzing module system_control_auto_pc_1__axi_protocol_converter_v2_1_20_a_axi3_conv
INFO: [VRFC 10-311] analyzing module system_control_auto_pc_1__axi_protocol_converter_v2_1_20_a_axi3_conv__parameterized0
INFO: [VRFC 10-311] analyzing module system_control_auto_pc_1__axi_protocol_converter_v2_1_20_axi3_conv
INFO: [VRFC 10-311] analyzing module system_control_auto_pc_1__axi_protocol_converter_v2_1_20_axi_protocol_converter
INFO: [VRFC 10-311] analyzing module system_control_auto_pc_1__axi_protocol_converter_v2_1_20_b_downsizer
INFO: [VRFC 10-311] analyzing module system_control_auto_pc_1__axi_protocol_converter_v2_1_20_w_axi3_conv
INFO: [VRFC 10-311] analyzing module system_control_auto_pc_1__xpm_cdc_async_rst
INFO: [VRFC 10-311] analyzing module system_control_auto_pc_1__xpm_cdc_async_rst__3
INFO: [VRFC 10-311] analyzing module system_control_auto_pc_1__xpm_cdc_async_rst__4
INFO: [VRFC 10-311] analyzing module system_control_auto_us_0
INFO: [VRFC 10-311] analyzing module system_control_auto_us_0__axi_dwidth_converter_v2_1_20_a_upsizer
INFO: [VRFC 10-311] analyzing module system_control_auto_us_0__axi_dwidth_converter_v2_1_20_axi_upsizer
INFO: [VRFC 10-311] analyzing module system_control_auto_us_0__axi_dwidth_converter_v2_1_20_r_upsizer
INFO: [VRFC 10-311] analyzing module system_control_auto_us_0__axi_dwidth_converter_v2_1_20_top
INFO: [VRFC 10-311] analyzing module system_control_auto_us_0__axi_register_slice_v2_1_20_axi_register_slice
INFO: [VRFC 10-311] analyzing module system_control_auto_us_0__axi_register_slice_v2_1_20_axi_register_slice__parameterized0
INFO: [VRFC 10-311] analyzing module system_control_auto_us_0__axi_register_slice_v2_1_20_axic_register_slice
INFO: [VRFC 10-311] analyzing module system_control_auto_us_0__axi_register_slice_v2_1_20_axic_register_slice__parameterized2
INFO: [VRFC 10-311] analyzing module system_control_auto_us_0__generic_baseblocks_v2_1_0_command_fifo
INFO: [VRFC 10-311] analyzing module system_control_auto_us_1
INFO: [VRFC 10-311] analyzing module system_control_auto_us_1__axi_dwidth_converter_v2_1_20_a_upsizer
INFO: [VRFC 10-311] analyzing module system_control_auto_us_1__axi_dwidth_converter_v2_1_20_axi_upsizer
INFO: [VRFC 10-311] analyzing module system_control_auto_us_1__axi_dwidth_converter_v2_1_20_top
INFO: [VRFC 10-311] analyzing module system_control_auto_us_1__axi_dwidth_converter_v2_1_20_w_upsizer
INFO: [VRFC 10-311] analyzing module system_control_auto_us_1__axi_register_slice_v2_1_20_axi_register_slice
INFO: [VRFC 10-311] analyzing module system_control_auto_us_1__axi_register_slice_v2_1_20_axic_register_slice
INFO: [VRFC 10-311] analyzing module system_control_auto_us_1__generic_baseblocks_v2_1_0_command_fifo
INFO: [VRFC 10-311] analyzing module system_control_axi_dma_0_0
INFO: [VRFC 10-311] analyzing module system_control_axi_dma_0_0__axi_datamover
INFO: [VRFC 10-311] analyzing module system_control_axi_dma_0_0__axi_datamover_addr_cntl
INFO: [VRFC 10-311] analyzing module system_control_axi_dma_0_0__axi_datamover_addr_cntl__parameterized0
INFO: [VRFC 10-311] analyzing module system_control_axi_dma_0_0__axi_datamover_cmd_status
INFO: [VRFC 10-311] analyzing module system_control_axi_dma_0_0__axi_datamover_cmd_status__parameterized0
INFO: [VRFC 10-311] analyzing module system_control_axi_dma_0_0__axi_datamover_fifo
INFO: [VRFC 10-311] analyzing module system_control_axi_dma_0_0__axi_datamover_fifo_16
INFO: [VRFC 10-311] analyzing module system_control_axi_dma_0_0__axi_datamover_fifo__parameterized0
INFO: [VRFC 10-311] analyzing module system_control_axi_dma_0_0__axi_datamover_fifo__parameterized1
INFO: [VRFC 10-311] analyzing module system_control_axi_dma_0_0__axi_datamover_fifo__parameterized1_17
INFO: [VRFC 10-311] analyzing module system_control_axi_dma_0_0__axi_datamover_fifo__parameterized2
INFO: [VRFC 10-311] analyzing module system_control_axi_dma_0_0__axi_datamover_fifo__parameterized3
INFO: [VRFC 10-311] analyzing module system_control_axi_dma_0_0__axi_datamover_fifo__parameterized4
INFO: [VRFC 10-311] analyzing module system_control_axi_dma_0_0__axi_datamover_fifo__parameterized5
INFO: [VRFC 10-311] analyzing module system_control_axi_dma_0_0__axi_datamover_fifo__parameterized6
INFO: [VRFC 10-311] analyzing module system_control_axi_dma_0_0__axi_datamover_fifo__parameterized7
INFO: [VRFC 10-311] analyzing module system_control_axi_dma_0_0__axi_datamover_fifo__parameterized8
INFO: [VRFC 10-311] analyzing module system_control_axi_dma_0_0__axi_datamover_fifo__parameterized9
INFO: [VRFC 10-311] analyzing module system_control_axi_dma_0_0__axi_datamover_ibttcc
INFO: [VRFC 10-311] analyzing module system_control_axi_dma_0_0__axi_datamover_indet_btt
INFO: [VRFC 10-311] analyzing module system_control_axi_dma_0_0__axi_datamover_mm2s_full_wrap
INFO: [VRFC 10-311] analyzing module system_control_axi_dma_0_0__axi_datamover_mssai_skid_buf
INFO: [VRFC 10-311] analyzing module system_control_axi_dma_0_0__axi_datamover_pcc
INFO: [VRFC 10-311] analyzing module system_control_axi_dma_0_0__axi_datamover_rd_sf
INFO: [VRFC 10-311] analyzing module system_control_axi_dma_0_0__axi_datamover_rd_status_cntl
INFO: [VRFC 10-311] analyzing module system_control_axi_dma_0_0__axi_datamover_rddata_cntl
INFO: [VRFC 10-311] analyzing module system_control_axi_dma_0_0__axi_datamover_reset
INFO: [VRFC 10-311] analyzing module system_control_axi_dma_0_0__axi_datamover_reset_14
INFO: [VRFC 10-311] analyzing module system_control_axi_dma_0_0__axi_datamover_s2mm_full_wrap
INFO: [VRFC 10-311] analyzing module system_control_axi_dma_0_0__axi_datamover_s2mm_realign
INFO: [VRFC 10-311] analyzing module system_control_axi_dma_0_0__axi_datamover_s2mm_scatter
INFO: [VRFC 10-311] analyzing module system_control_axi_dma_0_0__axi_datamover_sfifo_autord
INFO: [VRFC 10-311] analyzing module system_control_axi_dma_0_0__axi_datamover_sfifo_autord__parameterized0
INFO: [VRFC 10-311] analyzing module system_control_axi_dma_0_0__axi_datamover_sfifo_autord__parameterized1
INFO: [VRFC 10-311] analyzing module system_control_axi_dma_0_0__axi_datamover_skid2mm_buf
INFO: [VRFC 10-311] analyzing module system_control_axi_dma_0_0__axi_datamover_skid_buf
INFO: [VRFC 10-311] analyzing module system_control_axi_dma_0_0__axi_datamover_skid_buf_13
INFO: [VRFC 10-311] analyzing module system_control_axi_dma_0_0__axi_datamover_skid_buf__parameterized0
INFO: [VRFC 10-311] analyzing module system_control_axi_dma_0_0__axi_datamover_slice
INFO: [VRFC 10-311] analyzing module system_control_axi_dma_0_0__axi_datamover_strb_gen2
INFO: [VRFC 10-311] analyzing module system_control_axi_dma_0_0__axi_datamover_wr_status_cntl
INFO: [VRFC 10-311] analyzing module system_control_axi_dma_0_0__axi_datamover_wrdata_cntl
INFO: [VRFC 10-311] analyzing module system_control_axi_dma_0_0__axi_dma
INFO: [VRFC 10-311] analyzing module system_control_axi_dma_0_0__axi_dma_lite_if
INFO: [VRFC 10-311] analyzing module system_control_axi_dma_0_0__axi_dma_mm2s_cmdsts_if
INFO: [VRFC 10-311] analyzing module system_control_axi_dma_0_0__axi_dma_mm2s_mngr
INFO: [VRFC 10-311] analyzing module system_control_axi_dma_0_0__axi_dma_mm2s_sts_mngr
INFO: [VRFC 10-311] analyzing module system_control_axi_dma_0_0__axi_dma_reg_module
INFO: [VRFC 10-311] analyzing module system_control_axi_dma_0_0__axi_dma_register
INFO: [VRFC 10-311] analyzing module system_control_axi_dma_0_0__axi_dma_register_s2mm
INFO: [VRFC 10-311] analyzing module system_control_axi_dma_0_0__axi_dma_reset
INFO: [VRFC 10-311] analyzing module system_control_axi_dma_0_0__axi_dma_reset_1
INFO: [VRFC 10-311] analyzing module system_control_axi_dma_0_0__axi_dma_rst_module
INFO: [VRFC 10-311] analyzing module system_control_axi_dma_0_0__axi_dma_s2mm_cmdsts_if
INFO: [VRFC 10-311] analyzing module system_control_axi_dma_0_0__axi_dma_s2mm_mngr
INFO: [VRFC 10-311] analyzing module system_control_axi_dma_0_0__axi_dma_s2mm_sts_mngr
INFO: [VRFC 10-311] analyzing module system_control_axi_dma_0_0__axi_dma_smple_sm
INFO: [VRFC 10-311] analyzing module system_control_axi_dma_0_0__axi_dma_smple_sm_31
INFO: [VRFC 10-311] analyzing module system_control_axi_dma_0_0__cdc_sync
INFO: [VRFC 10-311] analyzing module system_control_axi_dma_0_0__cdc_sync_2
INFO: [VRFC 10-311] analyzing module system_control_axi_dma_0_0__cntr_incr_decr_addn_f
INFO: [VRFC 10-311] analyzing module system_control_axi_dma_0_0__cntr_incr_decr_addn_f_15
INFO: [VRFC 10-311] analyzing module system_control_axi_dma_0_0__cntr_incr_decr_addn_f_20
INFO: [VRFC 10-311] analyzing module system_control_axi_dma_0_0__cntr_incr_decr_addn_f_22
INFO: [VRFC 10-311] analyzing module system_control_axi_dma_0_0__cntr_incr_decr_addn_f_4
INFO: [VRFC 10-311] analyzing module system_control_axi_dma_0_0__cntr_incr_decr_addn_f_5
INFO: [VRFC 10-311] analyzing module system_control_axi_dma_0_0__cntr_incr_decr_addn_f__parameterized0
INFO: [VRFC 10-311] analyzing module system_control_axi_dma_0_0__cntr_incr_decr_addn_f__parameterized0_3
INFO: [VRFC 10-311] analyzing module system_control_axi_dma_0_0__cntr_incr_decr_addn_f__parameterized1
INFO: [VRFC 10-311] analyzing module system_control_axi_dma_0_0__dynshreg_f
INFO: [VRFC 10-311] analyzing module system_control_axi_dma_0_0__dynshreg_f_21
INFO: [VRFC 10-311] analyzing module system_control_axi_dma_0_0__dynshreg_f__parameterized0
INFO: [VRFC 10-311] analyzing module system_control_axi_dma_0_0__dynshreg_f__parameterized2
INFO: [VRFC 10-311] analyzing module system_control_axi_dma_0_0__dynshreg_f__parameterized3
INFO: [VRFC 10-311] analyzing module system_control_axi_dma_0_0__dynshreg_f__parameterized4
INFO: [VRFC 10-311] analyzing module system_control_axi_dma_0_0__dynshreg_f__parameterized5
INFO: [VRFC 10-311] analyzing module system_control_axi_dma_0_0__dynshreg_f__parameterized6
INFO: [VRFC 10-311] analyzing module system_control_axi_dma_0_0__srl_fifo_f
INFO: [VRFC 10-311] analyzing module system_control_axi_dma_0_0__srl_fifo_f_18
INFO: [VRFC 10-311] analyzing module system_control_axi_dma_0_0__srl_fifo_f__parameterized0
INFO: [VRFC 10-311] analyzing module system_control_axi_dma_0_0__srl_fifo_f__parameterized1
INFO: [VRFC 10-311] analyzing module system_control_axi_dma_0_0__srl_fifo_f__parameterized2
INFO: [VRFC 10-311] analyzing module system_control_axi_dma_0_0__srl_fifo_f__parameterized3
INFO: [VRFC 10-311] analyzing module system_control_axi_dma_0_0__srl_fifo_f__parameterized4
INFO: [VRFC 10-311] analyzing module system_control_axi_dma_0_0__srl_fifo_f__parameterized5
INFO: [VRFC 10-311] analyzing module system_control_axi_dma_0_0__srl_fifo_f__parameterized6
INFO: [VRFC 10-311] analyzing module system_control_axi_dma_0_0__srl_fifo_rbu_f
INFO: [VRFC 10-311] analyzing module system_control_axi_dma_0_0__srl_fifo_rbu_f_19
INFO: [VRFC 10-311] analyzing module system_control_axi_dma_0_0__srl_fifo_rbu_f__parameterized0
INFO: [VRFC 10-311] analyzing module system_control_axi_dma_0_0__srl_fifo_rbu_f__parameterized1
INFO: [VRFC 10-311] analyzing module system_control_axi_dma_0_0__srl_fifo_rbu_f__parameterized2
INFO: [VRFC 10-311] analyzing module system_control_axi_dma_0_0__srl_fifo_rbu_f__parameterized3
INFO: [VRFC 10-311] analyzing module system_control_axi_dma_0_0__srl_fifo_rbu_f__parameterized4
INFO: [VRFC 10-311] analyzing module system_control_axi_dma_0_0__srl_fifo_rbu_f__parameterized5
INFO: [VRFC 10-311] analyzing module system_control_axi_dma_0_0__srl_fifo_rbu_f__parameterized6
INFO: [VRFC 10-311] analyzing module system_control_axi_dma_0_0__sync_fifo_fg
INFO: [VRFC 10-311] analyzing module system_control_axi_dma_0_0__sync_fifo_fg__parameterized0
INFO: [VRFC 10-311] analyzing module system_control_axi_dma_0_0__sync_fifo_fg__parameterized1
INFO: [VRFC 10-311] analyzing module system_control_axi_dma_0_0__xpm_counter_updn__parameterized1
INFO: [VRFC 10-311] analyzing module system_control_axi_dma_0_0__xpm_counter_updn__parameterized1_23
INFO: [VRFC 10-311] analyzing module system_control_axi_dma_0_0__xpm_counter_updn__parameterized2
INFO: [VRFC 10-311] analyzing module system_control_axi_dma_0_0__xpm_counter_updn__parameterized2_10
INFO: [VRFC 10-311] analyzing module system_control_axi_dma_0_0__xpm_counter_updn__parameterized2_24
INFO: [VRFC 10-311] analyzing module system_control_axi_dma_0_0__xpm_counter_updn__parameterized2_27
INFO: [VRFC 10-311] analyzing module system_control_axi_dma_0_0__xpm_counter_updn__parameterized3
INFO: [VRFC 10-311] analyzing module system_control_axi_dma_0_0__xpm_counter_updn__parameterized3_11
INFO: [VRFC 10-311] analyzing module system_control_axi_dma_0_0__xpm_counter_updn__parameterized3_25
INFO: [VRFC 10-311] analyzing module system_control_axi_dma_0_0__xpm_counter_updn__parameterized3_28
INFO: [VRFC 10-311] analyzing module system_control_axi_dma_0_0__xpm_counter_updn__parameterized6
INFO: [VRFC 10-311] analyzing module system_control_axi_dma_0_0__xpm_counter_updn__parameterized6_6
INFO: [VRFC 10-311] analyzing module system_control_axi_dma_0_0__xpm_counter_updn__parameterized7
INFO: [VRFC 10-311] analyzing module system_control_axi_dma_0_0__xpm_counter_updn__parameterized7_7
INFO: [VRFC 10-311] analyzing module system_control_axi_dma_0_0__xpm_fifo_base
INFO: [VRFC 10-311] analyzing module system_control_axi_dma_0_0__xpm_fifo_base__parameterized0
INFO: [VRFC 10-311] analyzing module system_control_axi_dma_0_0__xpm_fifo_base__parameterized1
INFO: [VRFC 10-311] analyzing module system_control_axi_dma_0_0__xpm_fifo_reg_bit
INFO: [VRFC 10-311] analyzing module system_control_axi_dma_0_0__xpm_fifo_reg_bit_26
INFO: [VRFC 10-311] analyzing module system_control_axi_dma_0_0__xpm_fifo_reg_bit_9
INFO: [VRFC 10-311] analyzing module system_control_axi_dma_0_0__xpm_fifo_rst
INFO: [VRFC 10-311] analyzing module system_control_axi_dma_0_0__xpm_fifo_rst_12
INFO: [VRFC 10-311] analyzing module system_control_axi_dma_0_0__xpm_fifo_rst_30
INFO: [VRFC 10-311] analyzing module system_control_axi_dma_0_0__xpm_fifo_sync
INFO: [VRFC 10-311] analyzing module system_control_axi_dma_0_0__xpm_fifo_sync__parameterized1
INFO: [VRFC 10-311] analyzing module system_control_axi_dma_0_0__xpm_fifo_sync__parameterized3
INFO: [VRFC 10-311] analyzing module system_control_axi_dma_0_0__xpm_memory_base
INFO: [VRFC 10-311] analyzing module system_control_axi_dma_0_0__xpm_memory_base__parameterized0
INFO: [VRFC 10-311] analyzing module system_control_axi_dma_0_0__xpm_memory_base__parameterized1
INFO: [VRFC 10-311] analyzing module system_control_axi_mem_intercon_0
INFO: [VRFC 10-311] analyzing module system_control_processing_system7_0_0
INFO: [VRFC 10-311] analyzing module system_control_processing_system7_0_0__processing_system7_v5_5_processing_system7
INFO: [VRFC 10-311] analyzing module system_control_ps7_0_axi_periph_0
INFO: [VRFC 10-311] analyzing module system_control_rst_ps7_0_100M_0
INFO: [VRFC 10-311] analyzing module system_control_rst_ps7_0_100M_0__cdc_sync
INFO: [VRFC 10-311] analyzing module system_control_rst_ps7_0_100M_0__cdc_sync_0
INFO: [VRFC 10-311] analyzing module system_control_rst_ps7_0_100M_0__lpf
INFO: [VRFC 10-311] analyzing module system_control_rst_ps7_0_100M_0__proc_sys_reset
INFO: [VRFC 10-311] analyzing module system_control_rst_ps7_0_100M_0__sequence_psr
INFO: [VRFC 10-311] analyzing module system_control_rst_ps7_0_100M_0__upcnt_n
INFO: [VRFC 10-311] analyzing module system_control_wrapper
INFO: [VRFC 10-311] analyzing module system_control_xbar_0
INFO: [VRFC 10-311] analyzing module system_control_xbar_0__axi_crossbar_v2_1_21_addr_arbiter
INFO: [VRFC 10-311] analyzing module system_control_xbar_0__axi_crossbar_v2_1_21_addr_arbiter_0
INFO: [VRFC 10-311] analyzing module system_control_xbar_0__axi_crossbar_v2_1_21_axi_crossbar
INFO: [VRFC 10-311] analyzing module system_control_xbar_0__axi_crossbar_v2_1_21_crossbar
INFO: [VRFC 10-311] analyzing module system_control_xbar_0__axi_crossbar_v2_1_21_decerr_slave
INFO: [VRFC 10-311] analyzing module system_control_xbar_0__axi_crossbar_v2_1_21_si_transactor
INFO: [VRFC 10-311] analyzing module system_control_xbar_0__axi_crossbar_v2_1_21_si_transactor__parameterized0
INFO: [VRFC 10-311] analyzing module system_control_xbar_0__axi_crossbar_v2_1_21_splitter
INFO: [VRFC 10-311] analyzing module system_control_xbar_0__axi_crossbar_v2_1_21_splitter_2
INFO: [VRFC 10-311] analyzing module system_control_xbar_0__axi_crossbar_v2_1_21_wdata_mux
INFO: [VRFC 10-311] analyzing module system_control_xbar_0__axi_crossbar_v2_1_21_wdata_mux__parameterized0
INFO: [VRFC 10-311] analyzing module system_control_xbar_0__axi_crossbar_v2_1_21_wdata_router
INFO: [VRFC 10-311] analyzing module system_control_xbar_0__axi_data_fifo_v2_1_19_axic_reg_srl_fifo
INFO: [VRFC 10-311] analyzing module system_control_xbar_0__axi_data_fifo_v2_1_19_axic_reg_srl_fifo__parameterized0
INFO: [VRFC 10-311] analyzing module system_control_xbar_0__axi_data_fifo_v2_1_19_axic_reg_srl_fifo__parameterized1
INFO: [VRFC 10-311] analyzing module system_control_xbar_0__axi_data_fifo_v2_1_19_ndeep_srl__parameterized0
INFO: [VRFC 10-311] analyzing module system_control_xbar_0__axi_data_fifo_v2_1_19_ndeep_srl__parameterized0_5
INFO: [VRFC 10-311] analyzing module system_control_xbar_0__axi_data_fifo_v2_1_19_ndeep_srl__parameterized1
INFO: [VRFC 10-311] analyzing module system_control_xbar_0__axi_register_slice_v2_1_20_axi_register_slice
INFO: [VRFC 10-311] analyzing module system_control_xbar_0__axi_register_slice_v2_1_20_axi_register_slice_1
INFO: [VRFC 10-311] analyzing module system_control_xbar_0__axi_register_slice_v2_1_20_axic_register_slice__parameterized1
INFO: [VRFC 10-311] analyzing module system_control_xbar_0__axi_register_slice_v2_1_20_axic_register_slice__parameterized1_3
INFO: [VRFC 10-311] analyzing module system_control_xbar_0__axi_register_slice_v2_1_20_axic_register_slice__parameterized2
INFO: [VRFC 10-311] analyzing module system_control_xbar_0__axi_register_slice_v2_1_20_axic_register_slice__parameterized2_4
INFO: [VRFC 10-311] analyzing module system_control_auto_pc_1__dmem
INFO: [VRFC 10-311] analyzing module system_control_auto_pc_1__dmem_3
INFO: [VRFC 10-311] analyzing module system_control_auto_pc_1__dmem__parameterized0
INFO: [VRFC 10-311] analyzing module system_control_auto_pc_1__fifo_generator_ramfifo
INFO: [VRFC 10-311] analyzing module system_control_auto_pc_1__fifo_generator_ramfifo__parameterized0
INFO: [VRFC 10-311] analyzing module system_control_auto_pc_1__fifo_generator_ramfifo__xdcDup__1
INFO: [VRFC 10-311] analyzing module system_control_auto_pc_1__fifo_generator_top
INFO: [VRFC 10-311] analyzing module system_control_auto_pc_1__fifo_generator_top__parameterized0
INFO: [VRFC 10-311] analyzing module system_control_auto_pc_1__fifo_generator_top__xdcDup__1
INFO: [VRFC 10-311] analyzing module system_control_auto_pc_1__fifo_generator_v13_2_5
INFO: [VRFC 10-311] analyzing module system_control_auto_pc_1__fifo_generator_v13_2_5__parameterized0
INFO: [VRFC 10-311] analyzing module system_control_auto_pc_1__fifo_generator_v13_2_5__xdcDup__1
INFO: [VRFC 10-311] analyzing module system_control_auto_pc_1__fifo_generator_v13_2_5_synth
INFO: [VRFC 10-311] analyzing module system_control_auto_pc_1__fifo_generator_v13_2_5_synth__parameterized0
INFO: [VRFC 10-311] analyzing module system_control_auto_pc_1__fifo_generator_v13_2_5_synth__xdcDup__1
INFO: [VRFC 10-311] analyzing module system_control_auto_pc_1__memory
INFO: [VRFC 10-311] analyzing module system_control_auto_pc_1__memory_2
INFO: [VRFC 10-311] analyzing module system_control_auto_pc_1__memory__parameterized0
INFO: [VRFC 10-311] analyzing module system_control_auto_pc_1__rd_bin_cntr
INFO: [VRFC 10-311] analyzing module system_control_auto_pc_1__rd_bin_cntr_15
INFO: [VRFC 10-311] analyzing module system_control_auto_pc_1__rd_bin_cntr_8
INFO: [VRFC 10-311] analyzing module system_control_auto_pc_1__rd_fwft
INFO: [VRFC 10-311] analyzing module system_control_auto_pc_1__rd_fwft_13
INFO: [VRFC 10-311] analyzing module system_control_auto_pc_1__rd_fwft_6
INFO: [VRFC 10-311] analyzing module system_control_auto_pc_1__rd_logic
INFO: [VRFC 10-311] analyzing module system_control_auto_pc_1__rd_logic_0
INFO: [VRFC 10-311] analyzing module system_control_auto_pc_1__rd_logic_9
INFO: [VRFC 10-311] analyzing module system_control_auto_pc_1__rd_status_flags_ss
INFO: [VRFC 10-311] analyzing module system_control_auto_pc_1__rd_status_flags_ss_14
INFO: [VRFC 10-311] analyzing module system_control_auto_pc_1__rd_status_flags_ss_7
INFO: [VRFC 10-311] analyzing module system_control_auto_pc_1__reset_blk_ramfifo
INFO: [VRFC 10-311] analyzing module system_control_auto_pc_1__reset_blk_ramfifo__xdcDup__1
INFO: [VRFC 10-311] analyzing module system_control_auto_pc_1__reset_blk_ramfifo__xdcDup__2
INFO: [VRFC 10-311] analyzing module system_control_auto_pc_1__wr_bin_cntr
INFO: [VRFC 10-311] analyzing module system_control_auto_pc_1__wr_bin_cntr_12
INFO: [VRFC 10-311] analyzing module system_control_auto_pc_1__wr_bin_cntr_5
INFO: [VRFC 10-311] analyzing module system_control_auto_pc_1__wr_logic
INFO: [VRFC 10-311] analyzing module system_control_auto_pc_1__wr_logic_1
INFO: [VRFC 10-311] analyzing module system_control_auto_pc_1__wr_logic_10
INFO: [VRFC 10-311] analyzing module system_control_auto_pc_1__wr_status_flags_ss
INFO: [VRFC 10-311] analyzing module system_control_auto_pc_1__wr_status_flags_ss_11
INFO: [VRFC 10-311] analyzing module system_control_auto_pc_1__wr_status_flags_ss_4
INFO: [VRFC 10-311] analyzing module glbl
INFO: [VRFC 10-2263] Analyzing Verilog file "C:/Users/Brock/school/ECE498/final_project/FinalProject.srcs/sources_1/new/PE.v" into library xil_defaultlib
INFO: [VRFC 10-311] analyzing module PE
INFO: [VRFC 10-2263] Analyzing Verilog file "C:/Users/Brock/school/ECE498/final_project/FinalProject.srcs/sources_1/new/PE_array.v" into library xil_defaultlib
INFO: [VRFC 10-311] analyzing module PE_array
INFO: [VRFC 10-2263] Analyzing Verilog file "C:/Users/Brock/school/ECE498/final_project/FinalProject.srcs/sources_1/new/memory_architecture.v" into library xil_defaultlib
INFO: [VRFC 10-311] analyzing module memory_architecture
INFO: [VRFC 10-2263] Analyzing Verilog file "C:/Users/Brock/school/ECE498/final_project/FinalProject.srcs/sources_1/new/multiplier_verilog.v" into library xil_defaultlib
INFO: [VRFC 10-311] analyzing module INTERFACE_AND_MULTIPLY
INFO: [VRFC 10-2263] Analyzing SystemVerilog file "C:/Users/Brock/school/ECE498/final_project/FinalProject.srcs/sim_1/new/testbench.v" into library xil_defaultlib
INFO: [VRFC 10-311] analyzing module testbench
